[2023-11-13T13:02:37.688536+01:00] my_logger.DEBUG: Organisation id = 0,secret key = 1234,token = eyJ0eXAiOiJKV1QiLCJhbGciOiJIUzI1NiJ9.eyJvcmdhbml6YXRpb25faWQiOiIwIiwiaWF0IjoxNjk5ODc2OTU3LCJleHAiOjE2OTk4ODE5NTd9.n95SVmA_fmcOOBwJBn7K2Xrdcg41qB_BAZfnAl4Qfs0 [] []
[2023-11-13T13:02:37.690538+01:00] my_logger.DEBUG: Method = POST [] []
[2023-11-13T13:02:37.692972+01:00] my_logger.DEBUG: Url = http://api.bse.vkr-smart.ru:8084/document/upload [] []
[2023-11-13T13:02:39.874814+01:00] my_logger.DEBUG: Curl result =  [] []
[2023-11-13T13:02:39.875298+01:00] my_logger.DEBUG: {"success":false,"message":"Curl error 7: Failed to connect to api.bse.vkr-smart.ru port 8084 after 2180 ms: Connection refused","total":0,"status":500,"data":null} [] []
[2023-11-13T13:04:33.078829+01:00] my_logger.DEBUG: Organisation id = 0,secret key = 1234,token = eyJ0eXAiOiJKV1QiLCJhbGciOiJIUzI1NiJ9.eyJvcmdhbml6YXRpb25faWQiOiIwIiwiaWF0IjoxNjk5ODc3MDczLCJleHAiOjE2OTk4ODIwNzN9.Q5M0JjHb4mErilFm2-BcuGdKPW7dWu5vPCME8uOSkOo [] []
[2023-11-13T13:04:33.081287+01:00] my_logger.DEBUG: Method = POST [] []
[2023-11-13T13:04:33.083793+01:00] my_logger.DEBUG: Url = http://api.bse.vkr-smart.ru:8084/document/upload [] []
[2023-11-13T13:04:35.237139+01:00] my_logger.DEBUG: Curl result =  [] []
[2023-11-13T13:04:35.237729+01:00] my_logger.DEBUG: {"success":false,"message":"Curl error 7: Failed to connect to api.bse.vkr-smart.ru port 8084 after 2150 ms: Connection refused","total":0,"status":500,"data":null} [] []
[2023-11-13T13:06:22.207344+01:00] my_logger.DEBUG: Organisation id = 0,secret key = 1234,token = eyJ0eXAiOiJKV1QiLCJhbGciOiJIUzI1NiJ9.eyJvcmdhbml6YXRpb25faWQiOiIwIiwiaWF0IjoxNjk5ODc3MTgyLCJleHAiOjE2OTk4ODIxODJ9.MJal6m3DVXa5622-LZC7ooZ2WwLbipVWn_rqOQ0O5OE [] []
[2023-11-13T13:06:22.210393+01:00] my_logger.DEBUG: Method = POST [] []
[2023-11-13T13:06:22.213562+01:00] my_logger.DEBUG: Url = http://api.bse.vkr-smart.ru:8004/document/upload [] []
[2023-11-13T13:06:22.494377+01:00] my_logger.DEBUG: Curl result =  [] []
[2023-11-13T13:14:46.626714+01:00] my_logger.DEBUG: Organisation id = 0,secret key = 1234,token = eyJ0eXAiOiJKV1QiLCJhbGciOiJIUzI1NiJ9.eyJvcmdhbml6YXRpb25faWQiOiIwIiwiaWF0IjoxNjk5ODc3Njg2LCJleHAiOjE2OTk4ODI2ODZ9.WErGDQxLhB3xz9rCPG5c_jNK9bGI7pjwjl9PFc6unok [] []
[2023-11-13T13:14:46.628780+01:00] my_logger.DEBUG: Method = POST [] []
[2023-11-13T13:14:46.631196+01:00] my_logger.DEBUG: Url = http://api.bse.vkr-smart.ru:8004/document/upload [] []
[2023-11-13T13:14:46.913316+01:00] my_logger.DEBUG: Curl result =  [] []
[2023-11-13T13:16:31.597934+01:00] my_logger.DEBUG: Organisation id = 0,secret key = 1234,token = eyJ0eXAiOiJKV1QiLCJhbGciOiJIUzI1NiJ9.eyJvcmdhbml6YXRpb25faWQiOiIwIiwiaWF0IjoxNjk5ODc3NzkxLCJleHAiOjE2OTk4ODI3OTF9.U-dppWJhPjX370cXLUwE7GbztC8nchp7iYqRTsAm3lo [] []
[2023-11-13T13:16:31.601191+01:00] my_logger.DEBUG: Method = POST [] []
[2023-11-13T13:16:31.604783+01:00] my_logger.DEBUG: Url = http://api.bse.vkr-smart.ru:8004/document/upload [] []
[2023-11-13T13:16:32.032137+01:00] my_logger.DEBUG: Curl result =  [] []
[2023-11-13T13:18:08.575652+01:00] my_logger.DEBUG: Organisation id = 0,secret key = 1234,token = eyJ0eXAiOiJKV1QiLCJhbGciOiJIUzI1NiJ9.eyJvcmdhbml6YXRpb25faWQiOiIwIiwiaWF0IjoxNjk5ODc3ODg4LCJleHAiOjE2OTk4ODI4ODh9.f6Ovd2HlqLS1DmxOxLvML8sPa7nGFKAJu7JZGIpDQo4 [] []
[2023-11-13T13:18:08.577674+01:00] my_logger.DEBUG: Method = POST [] []
[2023-11-13T13:18:08.580119+01:00] my_logger.DEBUG: Url = http://api.bse.vkr-smart.ru:8004/document/upload [] []
[2023-11-13T13:18:08.871046+01:00] my_logger.DEBUG: Curl result =  [] []
[2023-11-13T13:19:06.034393+01:00] my_logger.DEBUG: Organisation id = 0,secret key = 1234,token = eyJ0eXAiOiJKV1QiLCJhbGciOiJIUzI1NiJ9.eyJvcmdhbml6YXRpb25faWQiOiIwIiwiaWF0IjoxNjk5ODc3OTQ2LCJleHAiOjE2OTk4ODI5NDZ9.MLkCMilf2ixwdLm_g8STS3Dz-0b5_7zhq2ZadEDNGtg [] []
[2023-11-13T13:19:06.036719+01:00] my_logger.DEBUG: Method = POST [] []
[2023-11-13T13:19:06.039408+01:00] my_logger.DEBUG: Url = http://api.bse.vkr-smart.ru:8004/document/upload [] []
[2023-11-13T13:19:07.268757+01:00] my_logger.DEBUG: Curl result = {"document_id":"463228"} [] []
[2023-11-13T13:19:07.269580+01:00] my_logger.DEBUG: 463228 [] []
[2023-11-13T13:25:03.282383+01:00] my_logger.DEBUG: Organisation id = 0,secret key = 1234,token = eyJ0eXAiOiJKV1QiLCJhbGciOiJIUzI1NiJ9.eyJvcmdhbml6YXRpb25faWQiOiIwIiwiaWF0IjoxNjk5ODc4MzAzLCJleHAiOjE2OTk4ODMzMDN9.EKXsPJlwWYfvCKvEVWyv-2qDa1LxjhZ_gF8kKxKg-8c [] []
[2023-11-13T13:25:03.284603+01:00] my_logger.DEBUG: Method = GET [] []
[2023-11-13T13:25:03.284959+01:00] my_logger.DEBUG: Url = http://api.bse.vkr-smart.ru:8004//463228 [] []
[2023-11-13T13:25:03.356718+01:00] my_logger.DEBUG: Curl result =  [] []
[2023-11-13T13:25:26.124853+01:00] my_logger.DEBUG: Organisation id = 0,secret key = 1234,token = eyJ0eXAiOiJKV1QiLCJhbGciOiJIUzI1NiJ9.eyJvcmdhbml6YXRpb25faWQiOiIwIiwiaWF0IjoxNjk5ODc4MzI2LCJleHAiOjE2OTk4ODMzMjZ9.VsUlCOZmvR3gZsrqtQNjLE3NIeB9Wsrk9oo5ubGpnyM [] []
[2023-11-13T13:25:26.126916+01:00] my_logger.DEBUG: Method = GET [] []
[2023-11-13T13:25:26.127152+01:00] my_logger.DEBUG: Url = http://api.bse.vkr-smart.ru:8004//463228 [] []
[2023-11-13T13:25:26.187036+01:00] my_logger.DEBUG: Curl result =  [] []
[2023-11-13T13:27:27.168871+01:00] my_logger.DEBUG: Organisation id = 0,secret key = 1234,token = eyJ0eXAiOiJKV1QiLCJhbGciOiJIUzI1NiJ9.eyJvcmdhbml6YXRpb25faWQiOiIwIiwiaWF0IjoxNjk5ODc4NDQ3LCJleHAiOjE2OTk4ODM0NDd9.vPqprHrDY0YiQToeOqf32gTt-PRFkcJ6CZfusuF3hQM [] []
[2023-11-13T13:27:27.172918+01:00] my_logger.DEBUG: Method = GET [] []
[2023-11-13T13:27:27.173377+01:00] my_logger.DEBUG: Url = http://api.bse.vkr-smart.ru:8004//report/463228 [] []
[2023-11-13T13:27:27.247570+01:00] my_logger.DEBUG: Curl result =  [] []
[2023-11-13T13:27:45.671616+01:00] my_logger.DEBUG: Organisation id = 0,secret key = 1234,token = eyJ0eXAiOiJKV1QiLCJhbGciOiJIUzI1NiJ9.eyJvcmdhbml6YXRpb25faWQiOiIwIiwiaWF0IjoxNjk5ODc4NDY1LCJleHAiOjE2OTk4ODM0NjV9.g2VvwcWD-2QAiDopFr-bDXqaWCDOcKtB77TnoSUhz9s [] []
[2023-11-13T13:27:45.675541+01:00] my_logger.DEBUG: Method = GET [] []
[2023-11-13T13:27:45.676061+01:00] my_logger.DEBUG: Url = http://api.bse.vkr-smart.ru:8004/report/463228 [] []
[2023-11-13T13:27:45.762752+01:00] my_logger.DEBUG: Curl result =  [] []
[2023-11-13T13:29:49.378835+01:00] my_logger.DEBUG: Organisation id = 0,secret key = 1234,token = eyJ0eXAiOiJKV1QiLCJhbGciOiJIUzI1NiJ9.eyJvcmdhbml6YXRpb25faWQiOiIwIiwiaWF0IjoxNjk5ODc4NTg5LCJleHAiOjE2OTk4ODM1ODl9.rOOJExPSu-NnTRYlP9j_oO9wK2HS6A0rdhV1wRtlvXE [] []
[2023-11-13T13:29:49.381046+01:00] my_logger.DEBUG: Method = GET [] []
[2023-11-13T13:29:49.381323+01:00] my_logger.DEBUG: Url = http://api.bse.vkr-smart.ru:8004/report/463228 [] []
[2023-11-13T13:29:49.447618+01:00] my_logger.DEBUG: Curl result =  [] []
[2023-11-13T13:32:20.594983+01:00] my_logger.DEBUG: Organisation id = 0,secret key = 1234,token = eyJ0eXAiOiJKV1QiLCJhbGciOiJIUzI1NiJ9.eyJvcmdhbml6YXRpb25faWQiOiIwIiwiaWF0IjoxNjk5ODc4NzQwLCJleHAiOjE2OTk4ODM3NDB9.a1fhVIv0xZS39J3ZdoC_NMx3_JgK4IUVUh1hGAlpfOU [] []
[2023-11-13T13:32:20.597703+01:00] my_logger.DEBUG: Method = GET [] []
[2023-11-13T13:32:20.598099+01:00] my_logger.DEBUG: Url = http://api.bse.vkr-smart.ru:8004/report/463228 [] []
[2023-11-13T13:32:20.673749+01:00] my_logger.DEBUG: Curl result =  [] []
[2023-11-13T13:46:07.736939+01:00] my_logger.DEBUG: Organisation id = 0,secret key = 1234,token = eyJ0eXAiOiJKV1QiLCJhbGciOiJIUzI1NiJ9.eyJvcmdhbml6YXRpb25faWQiOiIwIiwiaWF0IjoxNjk5ODc5NTY3LCJleHAiOjE2OTk4ODQ1Njd9.CEpiJeLf1wnnk7H7K7Hrnl_7mTbAM3OkNzxX7-2btpU [] []
[2023-11-13T13:46:07.740233+01:00] my_logger.DEBUG: Method = GET [] []
[2023-11-13T13:46:07.740855+01:00] my_logger.DEBUG: Url = http://api.bse.vkr-smart.ru/report/463228 [] []
[2023-11-13T13:46:09.985097+01:00] my_logger.DEBUG: Curl result =  [] []
[2023-11-14T07:38:44.759387+01:00] my_logger.DEBUG: Organisation id = 0,secret key = 1234,token = eyJ0eXAiOiJKV1QiLCJhbGciOiJIUzI1NiJ9.eyJvcmdhbml6YXRpb25faWQiOiIwIiwiaWF0IjoxNjk5OTQzOTI0LCJleHAiOjE2OTk5NDg5MjR9.qlwqsSSFjfjRNqrVGKAw05bdAuW7i-wI7cBQ7KhoDO8 [] []
[2023-11-14T07:38:44.801196+01:00] my_logger.DEBUG: Method = GET [] []
[2023-11-14T07:38:44.801584+01:00] my_logger.DEBUG: Url = http://api.bse.vkr-smart.ru/report/463228 [] []
[2023-11-14T07:38:46.996902+01:00] my_logger.DEBUG: Curl result =  [] []
[2023-11-14T07:39:19.090477+01:00] my_logger.DEBUG: Organisation id = 0,secret key = 1234,token = eyJ0eXAiOiJKV1QiLCJhbGciOiJIUzI1NiJ9.eyJvcmdhbml6YXRpb25faWQiOiIwIiwiaWF0IjoxNjk5OTQzOTU5LCJleHAiOjE2OTk5NDg5NTl9.yO3g0MY0nkzj24D5-NtPentXCFS91UcBn6bjZXmRq2c [] []
[2023-11-14T07:39:19.092102+01:00] my_logger.DEBUG: Method = GET [] []
[2023-11-14T07:39:19.092283+01:00] my_logger.DEBUG: Url = http://api.bse.vkr-smart.ru/report/463228 [] []
[2023-11-14T07:39:21.234616+01:00] my_logger.DEBUG: Curl result =  [] []
[2023-11-14T07:39:21.235051+01:00] my_logger.DEBUG: {"success":false,"message":"Curl error 7: Failed to connect to api.bse.vkr-smart.ru port 80 after 2142 ms: Connection refused","total":0,"status":500,"data":null} [] []
[2023-11-14T07:39:47.826590+01:00] my_logger.DEBUG: Organisation id = 0,secret key = 1234,token = eyJ0eXAiOiJKV1QiLCJhbGciOiJIUzI1NiJ9.eyJvcmdhbml6YXRpb25faWQiOiIwIiwiaWF0IjoxNjk5OTQzOTg3LCJleHAiOjE2OTk5NDg5ODd9.MqmORfvnhyWr_druhNblKJW3PGQQQDfoZWrcmOgJJWo [] []
[2023-11-14T07:39:47.828714+01:00] my_logger.DEBUG: Method = GET [] []
[2023-11-14T07:39:47.829058+01:00] my_logger.DEBUG: Url = http://api.bse.vkr-smart.ru:8084/report/463228 [] []
[2023-11-14T07:39:49.955870+01:00] my_logger.DEBUG: Curl result =  [] []
[2023-11-14T07:39:49.956615+01:00] my_logger.DEBUG: {"success":false,"message":"Curl error 7: Failed to connect to api.bse.vkr-smart.ru port 8084 after 2125 ms: Connection refused","total":0,"status":500,"data":null} [] []
[2023-11-14T07:53:00.358425+01:00] my_logger.DEBUG: Organisation id = 0,secret key = 1234,token = eyJ0eXAiOiJKV1QiLCJhbGciOiJIUzI1NiJ9.eyJvcmdhbml6YXRpb25faWQiOiIwIiwiaWF0IjoxNjk5OTQ0NzgwLCJleHAiOjE2OTk5NDk3ODB9.4j6uLgJ9xdp9Rwop9eEA0pn7AHJH_gZN9loSCXiTgxE [] []
[2023-11-14T07:53:00.359780+01:00] my_logger.DEBUG: Method = GET [] []
[2023-11-14T07:53:00.359936+01:00] my_logger.DEBUG: Url = http://api.bse.vkr-smart.ru:8004/report/463228 [] []
[2023-11-14T07:53:00.437477+01:00] my_logger.DEBUG: Curl result = {"message":"Document processed and waiting in queue"} [] []
[2023-11-14T08:12:11.686114+01:00] my_logger.DEBUG: Organisation id = 0,secret key = 1234,token = eyJ0eXAiOiJKV1QiLCJhbGciOiJIUzI1NiJ9.eyJvcmdhbml6YXRpb25faWQiOiIwIiwiaWF0IjoxNjk5OTQ1OTMxLCJleHAiOjE2OTk5NTA5MzF9.AqqXs5shB8cfcTLWSw_IgpEaa__RQZ6MpPaA_1eXsbg [] []
[2023-11-14T08:12:11.687410+01:00] my_logger.DEBUG: Method = GET [] []
[2023-11-14T08:12:11.687560+01:00] my_logger.DEBUG: Url = http://api.bse.vkr-smart.ru:8004/report/463228 [] []
[2023-11-14T08:12:11.865957+01:00] my_logger.DEBUG: Curl result = {"message":"Document processed and waiting in queue"} [] []
[2023-11-14T08:19:41.100011+01:00] my_logger.DEBUG: Organisation id = 0,secret key = 1234,token = eyJ0eXAiOiJKV1QiLCJhbGciOiJIUzI1NiJ9.eyJvcmdhbml6YXRpb25faWQiOiIwIiwiaWF0IjoxNjk5OTQ2MzgxLCJleHAiOjE2OTk5NTEzODF9.Mk1wXyZ0DLiWceO4LQdJt_9IYhsaJdFoaaUj8Rlor6U [] []
[2023-11-14T08:19:41.101282+01:00] my_logger.DEBUG: Method = GET [] []
[2023-11-14T08:19:41.101456+01:00] my_logger.DEBUG: Url = http://api.bse.vkr-smart.ru:8004/report/463228 [] []
[2023-11-14T08:19:41.197548+01:00] my_logger.DEBUG: Curl result = {"message":"Document was being checked"} [] []
[2023-11-14T08:22:25.629333+01:00] my_logger.DEBUG: Organisation id = 0,secret key = 1234,token = eyJ0eXAiOiJKV1QiLCJhbGciOiJIUzI1NiJ9.eyJvcmdhbml6YXRpb25faWQiOiIwIiwiaWF0IjoxNjk5OTQ2NTQ1LCJleHAiOjE2OTk5NTE1NDV9.H-Kkniig5w9pqVhTa2jp--GjHc8uGRAOjFW7vGHlQAc [] []
[2023-11-14T08:22:25.630700+01:00] my_logger.DEBUG: Method = GET [] []
[2023-11-14T08:22:25.630948+01:00] my_logger.DEBUG: Url = http://api.bse.vkr-smart.ru:8004/report/463228 [] []
[2023-11-14T08:22:25.710929+01:00] my_logger.DEBUG: Curl result = {"message":"Document was being checked"} [] []
[2023-11-14T08:26:38.440595+01:00] my_logger.DEBUG: Organisation id = 0,secret key = 1234,token = eyJ0eXAiOiJKV1QiLCJhbGciOiJIUzI1NiJ9.eyJvcmdhbml6YXRpb25faWQiOiIwIiwiaWF0IjoxNjk5OTQ2Nzk4LCJleHAiOjE2OTk5NTE3OTh9.iMKXX8QmVoI_XjQkj_vf9HFswiGs62qZ06Uc7_uHj-8 [] []
[2023-11-14T08:26:38.441839+01:00] my_logger.DEBUG: Method = POST [] []
[2023-11-14T08:26:38.443398+01:00] my_logger.DEBUG: Url = http://api.bse.vkr-smart.ru:8004/document/upload [] []
[2023-11-14T08:26:38.725098+01:00] my_logger.DEBUG: Curl result =  [] []
[2023-11-14T08:27:21.781277+01:00] my_logger.DEBUG: Organisation id = 0,secret key = 1234,token = eyJ0eXAiOiJKV1QiLCJhbGciOiJIUzI1NiJ9.eyJvcmdhbml6YXRpb25faWQiOiIwIiwiaWF0IjoxNjk5OTQ2ODQxLCJleHAiOjE2OTk5NTE4NDF9.HONsVZ0AtIpOJcfpadPK6PdHLzoSJ1MC2i4asOiRGf8 [] []
[2023-11-14T08:27:21.782744+01:00] my_logger.DEBUG: Method = GET [] []
[2023-11-14T08:27:21.782940+01:00] my_logger.DEBUG: Url = http://api.bse.vkr-smart.ru:8004/report/463228 [] []
[2023-11-14T08:27:21.862248+01:00] my_logger.DEBUG: Curl result = {"message":"Document was being checked"} [] []
[2023-11-14T08:28:49.340115+01:00] my_logger.DEBUG: Organisation id = 0,secret key = 1234,token = eyJ0eXAiOiJKV1QiLCJhbGciOiJIUzI1NiJ9.eyJvcmdhbml6YXRpb25faWQiOiIwIiwiaWF0IjoxNjk5OTQ2OTI5LCJleHAiOjE2OTk5NTE5Mjl9.jZ5Q4BpE9OojR1HxhJA05rZhPH2vFZ5lGISBl4BwmNQ [] []
[2023-11-14T08:28:49.341350+01:00] my_logger.DEBUG: Method = POST [] []
[2023-11-14T08:28:49.342895+01:00] my_logger.DEBUG: Url = http://api.bse.vkr-smart.ru:8004/document/upload [] []
[2023-11-14T08:28:49.521484+01:00] my_logger.DEBUG: Curl result =  [] []
[2023-11-14T08:30:06.091558+01:00] my_logger.DEBUG: Organisation id = 0,secret key = 1234,token = eyJ0eXAiOiJKV1QiLCJhbGciOiJIUzI1NiJ9.eyJvcmdhbml6YXRpb25faWQiOiIwIiwiaWF0IjoxNjk5OTQ3MDA2LCJleHAiOjE2OTk5NTIwMDZ9.QgohXbv514X_7CYP_Vhr10VzyQIP4uy_aecvTmQcG4g [] []
[2023-11-14T08:30:06.093055+01:00] my_logger.DEBUG: Method = POST [] []
[2023-11-14T08:30:06.094748+01:00] my_logger.DEBUG: Url = http://api.bse.vkr-smart.ru:8004/document/upload [] []
[2023-11-14T08:30:06.275261+01:00] my_logger.DEBUG: Curl result = {"message":"The data is invalid. Check the file extension"} [] []
[2023-11-14T08:30:06.275832+01:00] my_logger.DEBUG: The data is invalid. Check the file extension [] []
[2023-11-14T08:30:37.918035+01:00] my_logger.DEBUG: Organisation id = 0,secret key = 1234,token = eyJ0eXAiOiJKV1QiLCJhbGciOiJIUzI1NiJ9.eyJvcmdhbml6YXRpb25faWQiOiIwIiwiaWF0IjoxNjk5OTQ3MDM3LCJleHAiOjE2OTk5NTIwMzd9.cAJiLhDkQeglxHQsgLmo6KwkVSPKwHiGxJMa0kazaA8 [] []
[2023-11-14T08:30:37.919374+01:00] my_logger.DEBUG: Method = POST [] []
[2023-11-14T08:30:37.921065+01:00] my_logger.DEBUG: Url = http://api.bse.vkr-smart.ru:8004/document/upload [] []
[2023-11-14T08:30:38.384582+01:00] my_logger.DEBUG: Curl result = {"document_id":"463233"} [] []
[2023-11-14T08:30:38.385260+01:00] my_logger.DEBUG: 463233 [] []
[2023-11-14T08:31:03.073175+01:00] my_logger.DEBUG: Organisation id = 0,secret key = 1234,token = eyJ0eXAiOiJKV1QiLCJhbGciOiJIUzI1NiJ9.eyJvcmdhbml6YXRpb25faWQiOiIwIiwiaWF0IjoxNjk5OTQ3MDYzLCJleHAiOjE2OTk5NTIwNjN9.PfQIgX8Q7U0p2G_XP-nOQeUB8PZ7gwTGzUUl0z0B07Q [] []
[2023-11-14T08:31:03.074483+01:00] my_logger.DEBUG: Method = GET [] []
[2023-11-14T08:31:03.074803+01:00] my_logger.DEBUG: Url = http://api.bse.vkr-smart.ru:8004/report/463233 [] []
[2023-11-14T08:31:03.151106+01:00] my_logger.DEBUG: Curl result =  [] []
[2023-11-14T08:59:47.029211+01:00] my_logger.DEBUG: Organisation id = 0,secret key = 1234,token = eyJ0eXAiOiJKV1QiLCJhbGciOiJIUzI1NiJ9.eyJvcmdhbml6YXRpb25faWQiOiIwIiwiaWF0IjoxNjk5OTQ4Nzg3LCJleHAiOjE2OTk5NTM3ODd9.Vo-zKmP3cBbiSvXN0ApqWkBLbG5n3tiaF__36HrMQhk [] []
[2023-11-14T08:59:47.030517+01:00] my_logger.DEBUG: Method = GET [] []
[2023-11-14T08:59:47.030672+01:00] my_logger.DEBUG: Url = http://api.bse.vkr-smart.ru:8004/report/463233 [] []
[2023-11-14T08:59:47.117212+01:00] my_logger.DEBUG: Curl result =  [] []
[2023-11-14T09:20:48.484690+01:00] my_logger.DEBUG: Organisation id = 0,secret key = 1234,token = eyJ0eXAiOiJKV1QiLCJhbGciOiJIUzI1NiJ9.eyJvcmdhbml6YXRpb25faWQiOiIwIiwiaWF0IjoxNjk5OTUwMDQ4LCJleHAiOjE2OTk5NTUwNDh9.hdiJD_Jal9EL3XVWmbEvVfx2yzmdX_WbDB5agDnPO4k [] []
[2023-11-14T09:20:48.486034+01:00] my_logger.DEBUG: Method = GET [] []
[2023-11-14T09:20:48.486201+01:00] my_logger.DEBUG: Url = http://api.bse.vkr-smart.ru:8004/report/463233 [] []
[2023-11-14T09:20:48.560458+01:00] my_logger.DEBUG: Curl result =  [] []
